<?xml version="1.0" encoding="UTF-8"?>
<!-- Generated by org.testng.reporters.JUnitReportReporter -->
<testsuite hostname="Dell" failures="0" tests="1" name="login.Login" time="16.446" errors="0" timestamp="2024-10-14T08:25:16 IST" skipped="0">
  <testcase classname="login.Login" name="testSubmitProducts" time="16.446"/>
</testsuite> <!-- login.Login -->
