<?xml version="1.0" encoding="UTF-8"?>
<!-- Generated by org.testng.reporters.JUnitReportReporter -->
<testsuite hostname="Dell" failures="0" tests="1" name="login.ErrorLoginTest" time="7.357" errors="0" timestamp="2024-10-22T06:52:55 IST" skipped="0">
  <testcase classname="login.ErrorLoginTest" name="testErrorLogin" time="7.357"/>
</testsuite> <!-- login.ErrorLoginTest -->
