<?xml version="1.0" encoding="UTF-8"?>
<!-- Generated by org.testng.reporters.JUnitReportReporter -->
<testsuite hostname="Dell" failures="0" tests="1" name="login.ErrorLoginTest" time="6.475" errors="0" timestamp="2024-10-21T09:35:37 IST" skipped="0">
  <testcase classname="login.ErrorLoginTest" name="testErrorLogin" time="6.475"/>
</testsuite> <!-- login.ErrorLoginTest -->
