<?xml version="1.0" encoding="UTF-8"?>
<!-- Generated by org.testng.reporters.JUnitReportReporter -->
<testsuite hostname="Dell" failures="0" tests="2" name="login.LoginTest" time="27.116" errors="0" timestamp="2024-11-05T07:20:05 IST" skipped="0">
  <testcase classname="login.LoginTest" name="testLoginSubmitProducts" time="13.355"/>
  <testcase classname="login.LoginTest" name="testLoginSubmitProducts" time="13.761"/>
</testsuite> <!-- login.LoginTest -->
